Start testing: Jun 11 14:42 Pakistan Standard Time
----------------------------------------------------------
1/1 Testing: shadersTest
1/1 Test: shadersTest
Command: "C:/Users/Zaidi/OneDrive - Higher Education Commission/Documents/course books/internship-arc/opengl-game/build/libs/internal_libs/shaders/test/shadersTest.exe"
Directory: C:/Users/Zaidi/OneDrive - Higher Education Commission/Documents/course books/internship-arc/opengl-game/build/libs/internal_libs/shaders/test
"shadersTest" start time: Jun 11 14:42 Pakistan Standard Time
Output:
----------------------------------------------------------
[==========] Running 5 tests from 1 test suite.
[----------] Global test environment set-up.
[----------] 5 tests from ShaderTest
[ RUN      ] ShaderTest.ConstructorWithValidFiles
[       OK ] ShaderTest.ConstructorWithValidFiles (109 ms)
[ RUN      ] ShaderTest.ConstructorWithInvalidSyntax
[       OK ] ShaderTest.ConstructorWithInvalidSyntax (61 ms)
[ RUN      ] ShaderTest.ConstructorWithMissingFiles
[       OK ] ShaderTest.ConstructorWithMissingFiles (41 ms)
[ RUN      ] ShaderTest.UniformMethods
[       OK ] ShaderTest.UniformMethods (53 ms)
[ RUN      ] ShaderTest.InvalidUniformNames
[       OK ] ShaderTest.InvalidUniformNames (69 ms)
[----------] 5 tests from ShaderTest (336 ms total)

[----------] Global test environment tear-down
[==========] 5 tests from 1 test suite ran. (336 ms total)
[  PASSED  ] 5 tests.
<end of output>
Test time =   0.50 sec
----------------------------------------------------------
Test Passed.
"shadersTest" end time: Jun 11 14:42 Pakistan Standard Time
"shadersTest" time elapsed: 00:00:00
----------------------------------------------------------

End testing: Jun 11 14:42 Pakistan Standard Time
